%!Adobe-FontList 1.18
%Locale:0x409

%BeginFont
Handler:DirectoryHandler
FontType:Type1
FontName:Cala-Bold
FamilyName:Cala
StyleName:Bold
MenuName:Cala-Bold
StyleBits:0
WeightClass:700
WidthClass:5
AngleClass:0
FullName:Cala-Bold
WritingScript:Roman
OutlineFileName:\Hoftype - Cala-Bold.otf
DataFormat:sfntData
UsesStandardEncoding:yes
isCFF:yes
hasSVG:no
FileLength:166820
FileModTime:1373847218
NameArray:0,Mac,4,Cala-Bold
NameArray:0,Win,1,Cala-Bold
NameArray:0,Win,16,Cala
%EndFont

%BeginFont
Handler:DirectoryHandler
FontType:Type1
FontName:Cala-Regular
FamilyName:Cala
StyleName:Regular
MenuName:Cala-Regular
StyleBits:0
WeightClass:400
WidthClass:5
AngleClass:0
FullName:Cala-Regular
WritingScript:Roman
OutlineFileName:\Hoftype - Cala-Regular.otf
DataFormat:sfntData
UsesStandardEncoding:yes
isCFF:yes
hasSVG:no
FileLength:173144
FileModTime:1373847218
NameArray:0,Mac,4,Cala-Regular
NameArray:0,Win,1,Cala-Regular
NameArray:0,Win,16,Cala
%EndFont

%BeginFont
Handler:DirectoryHandler
FontType:Type1
FontName:MinionPro-Regular
FamilyName:Minion Pro
StyleName:Regular
MenuName:Minion Pro
StyleBits:0
WeightClass:400
WidthClass:5
AngleClass:0
FullName:Minion Pro
WritingScript:Roman
OutlineFileName:\MinionPro-Regular.otf
DataFormat:sfntData
UsesStandardEncoding:yes
isCFF:yes
hasSVG:no
FileLength:218640
FileModTime:1440019051
DesignSize:110
NameArray:0,Mac,4,Minion Pro
NameArray:0,Win,1,Minion Pro
%EndFont

%BeginFont
Handler:DirectoryHandler
FontType:TrueType
FontName:Verdana-Bold
FamilyName:Verdana
StyleName:Bold
MenuName:Verdana
StyleBits:2
WeightClass:700
WidthClass:5
AngleClass:0
FullName:Verdana Bold
WritingScript:Roman
OutlineFileName:\Verdana Bold.ttf
DataFormat:sfntData
hasSVG:no
FileLength:153260
FileModTime:1507857543
NameArray:0,Mac,4,Verdana Bold
NameArray:0,Win,1,Verdana
%EndFont

%BeginFont
Handler:DirectoryHandler
FontType:TrueType
FontName:Verdana
FamilyName:Verdana
StyleName:Regular
MenuName:Verdana
StyleBits:0
WeightClass:400
WidthClass:5
AngleClass:0
FullName:Verdana
WritingScript:Roman
OutlineFileName:\Verdana.ttf
DataFormat:sfntData
hasSVG:no
FileLength:186188
FileModTime:1507857543
NameArray:0,Mac,4,Verdana
NameArray:0,Win,1,Verdana
%EndFont

